[31-Jan-2025 22:15:45 Europe/Berlin] Attempting database connection to localhost...
[31-Jan-2025 22:15:45 Europe/Berlin] Database connection successful
[31-Jan-2025 22:15:45 Europe/Berlin] Initial database connection test successful
[31-Jan-2025 22:15:45 Europe/Berlin] Attempting database connection to localhost...
[31-Jan-2025 22:15:45 Europe/Berlin] Attempting database connection to localhost...
[31-Jan-2025 22:15:45 Europe/Berlin] Database connection successful
[31-Jan-2025 22:15:45 Europe/Berlin] Database connection successful
[31-Jan-2025 22:15:45 Europe/Berlin] Initial database connection test successful
[31-Jan-2025 22:15:45 Europe/Berlin] Initial database connection test successful
[31-Jan-2025 22:15:45 Europe/Berlin] Attempting database connection to localhost...
[31-Jan-2025 22:15:45 Europe/Berlin] Attempting database connection to localhost...
[31-Jan-2025 22:15:45 Europe/Berlin] Database connection successful
[31-Jan-2025 22:15:45 Europe/Berlin] Database connection successful
[31-Jan-2025 22:15:45 Europe/Berlin] Database connection established in Members class
[31-Jan-2025 22:15:46 Europe/Berlin] Attempting database connection to localhost...
[31-Jan-2025 22:15:46 Europe/Berlin] Database connection successful
[31-Jan-2025 22:15:46 Europe/Berlin] Initial database connection test successful
[31-Jan-2025 22:15:46 Europe/Berlin] Attempting database connection to localhost...
[31-Jan-2025 22:15:46 Europe/Berlin] Database connection successful
[31-Jan-2025 22:15:46 Europe/Berlin] Initial database connection test successful
[31-Jan-2025 22:15:51 Europe/Berlin] Attempting database connection to localhost...
[31-Jan-2025 22:15:51 Europe/Berlin] Database connection successful
[31-Jan-2025 22:15:51 Europe/Berlin] Initial database connection test successful
[31-Jan-2025 22:15:53 Europe/Berlin] Attempting database connection to localhost...
[31-Jan-2025 22:15:53 Europe/Berlin] Database connection successful
[31-Jan-2025 22:15:53 Europe/Berlin] Initial database connection test successful
[31-Jan-2025 22:16:03 Europe/Berlin] Attempting database connection to localhost...
[31-Jan-2025 22:16:03 Europe/Berlin] Database connection successful
[31-Jan-2025 22:16:03 Europe/Berlin] Initial database connection test successful
[31-Jan-2025 22:16:05 Europe/Berlin] Attempting database connection to localhost...
[31-Jan-2025 22:16:05 Europe/Berlin] Database connection successful
[31-Jan-2025 22:16:05 Europe/Berlin] Initial database connection test successful
[31-Jan-2025 22:16:22 Europe/Berlin] Attempting database connection to localhost...
[31-Jan-2025 22:16:22 Europe/Berlin] Database connection successful
[31-Jan-2025 22:16:22 Europe/Berlin] Initial database connection test successful
[31-Jan-2025 22:16:22 Europe/Berlin] Attempting database connection to localhost...
[31-Jan-2025 22:16:22 Europe/Berlin] Database connection successful
[31-Jan-2025 22:16:22 Europe/Berlin] Attempting database connection to localhost...
[31-Jan-2025 22:16:22 Europe/Berlin] Initial database connection test successful
[31-Jan-2025 22:16:22 Europe/Berlin] Attempting database connection to localhost...
[31-Jan-2025 22:16:22 Europe/Berlin] Database connection successful
[31-Jan-2025 22:16:22 Europe/Berlin] Initial database connection test successful
[31-Jan-2025 22:16:22 Europe/Berlin] Database connection successful
[31-Jan-2025 22:16:22 Europe/Berlin] Attempting database connection to localhost...
[31-Jan-2025 22:16:22 Europe/Berlin] Database connection established in Members class
[31-Jan-2025 22:16:22 Europe/Berlin] Database connection successful
[31-Jan-2025 22:17:20 Europe/Berlin] Attempting database connection to localhost...
[31-Jan-2025 22:17:20 Europe/Berlin] Database connection successful
[31-Jan-2025 22:17:20 Europe/Berlin] Initial database connection test successful
[31-Jan-2025 22:17:20 Europe/Berlin] Attempting database connection to localhost...
[31-Jan-2025 22:17:20 Europe/Berlin] Database connection successful
[31-Jan-2025 22:17:20 Europe/Berlin] Initial database connection test successful
[31-Jan-2025 22:17:20 Europe/Berlin] Attempting database connection to localhost...
[31-Jan-2025 22:17:20 Europe/Berlin] Attempting database connection to localhost...
[31-Jan-2025 22:17:20 Europe/Berlin] Database connection successful
[31-Jan-2025 22:17:20 Europe/Berlin] Database connection established in Members class
[31-Jan-2025 22:17:20 Europe/Berlin] Database connection successful
[31-Jan-2025 22:17:20 Europe/Berlin] Initial database connection test successful
[31-Jan-2025 22:17:20 Europe/Berlin] Attempting database connection to localhost...
[31-Jan-2025 22:17:20 Europe/Berlin] Database connection successful
[31-Jan-2025 22:17:21 Europe/Berlin] Attempting database connection to localhost...
[31-Jan-2025 22:17:21 Europe/Berlin] Database connection successful
[31-Jan-2025 22:17:21 Europe/Berlin] Initial database connection test successful
[31-Jan-2025 22:17:21 Europe/Berlin] Attempting database connection to localhost...
[31-Jan-2025 22:17:21 Europe/Berlin] Attempting database connection to localhost...
[31-Jan-2025 22:17:21 Europe/Berlin] Database connection successful
[31-Jan-2025 22:17:21 Europe/Berlin] Initial database connection test successful
[31-Jan-2025 22:17:21 Europe/Berlin] Database connection successful
[31-Jan-2025 22:17:21 Europe/Berlin] Initial database connection test successful
[31-Jan-2025 22:17:21 Europe/Berlin] Attempting database connection to localhost...
[31-Jan-2025 22:17:21 Europe/Berlin] Database connection successful
[31-Jan-2025 22:17:21 Europe/Berlin] Initial database connection test successful
[31-Jan-2025 22:17:27 Europe/Berlin] Attempting database connection to localhost...
[31-Jan-2025 22:17:27 Europe/Berlin] Database connection successful
[31-Jan-2025 22:17:27 Europe/Berlin] Initial database connection test successful
[31-Jan-2025 22:17:29 Europe/Berlin] Attempting database connection to localhost...
[31-Jan-2025 22:17:29 Europe/Berlin] Database connection successful
[31-Jan-2025 22:17:29 Europe/Berlin] Initial database connection test successful
[31-Jan-2025 22:17:34 Europe/Berlin] Attempting database connection to localhost...
[31-Jan-2025 22:17:34 Europe/Berlin] Database connection successful
[31-Jan-2025 22:17:34 Europe/Berlin] Initial database connection test successful
[31-Jan-2025 22:17:40 Europe/Berlin] Attempting database connection to localhost...
[31-Jan-2025 22:17:40 Europe/Berlin] Database connection successful
[31-Jan-2025 22:17:40 Europe/Berlin] Initial database connection test successful
[31-Jan-2025 22:17:40 Europe/Berlin] Attempting database connection to localhost...
[31-Jan-2025 22:17:40 Europe/Berlin] Database connection successful
[31-Jan-2025 22:17:40 Europe/Berlin] Initial database connection test successful
[31-Jan-2025 22:17:40 Europe/Berlin] Attempting database connection to localhost...
[31-Jan-2025 22:17:40 Europe/Berlin] Attempting database connection to localhost...
[31-Jan-2025 22:17:40 Europe/Berlin] Database connection successful
[31-Jan-2025 22:17:40 Europe/Berlin] Database connection successful
[31-Jan-2025 22:17:40 Europe/Berlin] Initial database connection test successful
[31-Jan-2025 22:17:40 Europe/Berlin] Database connection established in Members class
[31-Jan-2025 22:17:40 Europe/Berlin] Attempting database connection to localhost...
[31-Jan-2025 22:17:40 Europe/Berlin] Database connection successful
[31-Jan-2025 22:17:41 Europe/Berlin] Attempting database connection to localhost...
[31-Jan-2025 22:17:41 Europe/Berlin] Database connection successful
[31-Jan-2025 22:17:41 Europe/Berlin] Initial database connection test successful
[31-Jan-2025 22:17:42 Europe/Berlin] Attempting database connection to localhost...
[31-Jan-2025 22:17:42 Europe/Berlin] Attempting database connection to localhost...
[31-Jan-2025 22:17:42 Europe/Berlin] Database connection successful
[31-Jan-2025 22:17:42 Europe/Berlin] Initial database connection test successful
[31-Jan-2025 22:17:42 Europe/Berlin] Attempting database connection to localhost...
[31-Jan-2025 22:17:42 Europe/Berlin] Database connection successful
[31-Jan-2025 22:17:42 Europe/Berlin] Database connection successful
[31-Jan-2025 22:17:42 Europe/Berlin] Initial database connection test successful
[31-Jan-2025 22:17:42 Europe/Berlin] Attempting database connection to localhost...
[31-Jan-2025 22:17:42 Europe/Berlin] Database connection successful
[31-Jan-2025 22:17:42 Europe/Berlin] Database connection established in Members class
[31-Jan-2025 22:22:29 Europe/Berlin] Attempting database connection to localhost...
[31-Jan-2025 22:22:29 Europe/Berlin] Database connection successful
[31-Jan-2025 22:22:29 Europe/Berlin] Initial database connection test successful
[31-Jan-2025 22:22:29 Europe/Berlin] Attempting database connection to localhost...
[31-Jan-2025 22:22:29 Europe/Berlin] Database connection successful
[31-Jan-2025 22:22:29 Europe/Berlin] Initial database connection test successful
[31-Jan-2025 22:22:29 Europe/Berlin] Attempting database connection to localhost...
[31-Jan-2025 22:22:29 Europe/Berlin] Attempting database connection to localhost...
[31-Jan-2025 22:22:29 Europe/Berlin] Database connection successful
[31-Jan-2025 22:22:29 Europe/Berlin] Database connection established in Members class
[31-Jan-2025 22:22:29 Europe/Berlin] Database connection successful
[31-Jan-2025 22:22:29 Europe/Berlin] Initial database connection test successful
[31-Jan-2025 22:22:29 Europe/Berlin] Attempting database connection to localhost...
[31-Jan-2025 22:22:29 Europe/Berlin] Database connection successful
[31-Jan-2025 22:22:30 Europe/Berlin] Attempting database connection to localhost...
[31-Jan-2025 22:22:30 Europe/Berlin] Database connection successful
[31-Jan-2025 22:22:30 Europe/Berlin] Initial database connection test successful
[31-Jan-2025 22:22:30 Europe/Berlin] Attempting database connection to localhost...
[31-Jan-2025 22:22:30 Europe/Berlin] Database connection successful
[31-Jan-2025 22:22:30 Europe/Berlin] Initial database connection test successful
[31-Jan-2025 22:22:41 Europe/Berlin] Attempting database connection to localhost...
[31-Jan-2025 22:22:41 Europe/Berlin] Database connection successful
[31-Jan-2025 22:22:41 Europe/Berlin] Initial database connection test successful
[31-Jan-2025 22:22:43 Europe/Berlin] Attempting database connection to localhost...
[31-Jan-2025 22:22:43 Europe/Berlin] Database connection successful
[31-Jan-2025 22:22:43 Europe/Berlin] Initial database connection test successful
[31-Jan-2025 22:22:50 Europe/Berlin] Attempting database connection to localhost...
[31-Jan-2025 22:22:50 Europe/Berlin] Database connection successful
[31-Jan-2025 22:22:50 Europe/Berlin] Initial database connection test successful
[31-Jan-2025 22:22:52 Europe/Berlin] Attempting database connection to localhost...
[31-Jan-2025 22:22:52 Europe/Berlin] Database connection successful
[31-Jan-2025 22:22:52 Europe/Berlin] Initial database connection test successful
[31-Jan-2025 22:23:58 Europe/Berlin] Attempting database connection to localhost...
[31-Jan-2025 22:23:58 Europe/Berlin] Database connection successful
[31-Jan-2025 22:23:58 Europe/Berlin] Initial database connection test successful
[31-Jan-2025 22:24:00 Europe/Berlin] Attempting database connection to localhost...
[31-Jan-2025 22:24:00 Europe/Berlin] Database connection successful
[31-Jan-2025 22:24:00 Europe/Berlin] Initial database connection test successful
[31-Jan-2025 22:24:00 Europe/Berlin] Attempting database connection to localhost...
[31-Jan-2025 22:24:00 Europe/Berlin] Attempting database connection to localhost...
[31-Jan-2025 22:24:00 Europe/Berlin] Database connection successful
[31-Jan-2025 22:24:00 Europe/Berlin] Initial database connection test successful
[31-Jan-2025 22:24:00 Europe/Berlin] Attempting database connection to localhost...
[31-Jan-2025 22:24:00 Europe/Berlin] Database connection successful
[31-Jan-2025 22:24:00 Europe/Berlin] Database connection successful
[31-Jan-2025 22:24:00 Europe/Berlin] Initial database connection test successful
[31-Jan-2025 22:24:00 Europe/Berlin] Attempting database connection to localhost...
[31-Jan-2025 22:24:00 Europe/Berlin] Database connection successful
[31-Jan-2025 22:24:00 Europe/Berlin] Database connection established in Members class
[31-Jan-2025 22:24:08 Europe/Berlin] Attempting database connection to localhost...
[31-Jan-2025 22:24:08 Europe/Berlin] Database connection successful
[31-Jan-2025 22:24:08 Europe/Berlin] Initial database connection test successful
[31-Jan-2025 22:24:08 Europe/Berlin] Attempting database connection to localhost...
[31-Jan-2025 22:24:08 Europe/Berlin] Attempting database connection to localhost...
[31-Jan-2025 22:24:08 Europe/Berlin] Database connection successful
[31-Jan-2025 22:24:08 Europe/Berlin] Initial database connection test successful
[31-Jan-2025 22:24:08 Europe/Berlin] Attempting database connection to localhost...
[31-Jan-2025 22:24:08 Europe/Berlin] Database connection successful
[31-Jan-2025 22:24:08 Europe/Berlin] Database connection successful
[31-Jan-2025 22:24:08 Europe/Berlin] Database connection established in Members class
[31-Jan-2025 22:24:08 Europe/Berlin] Initial database connection test successful
[31-Jan-2025 22:24:08 Europe/Berlin] Attempting database connection to localhost...
[31-Jan-2025 22:24:08 Europe/Berlin] Database connection successful
[31-Jan-2025 22:24:09 Europe/Berlin] Attempting database connection to localhost...
[31-Jan-2025 22:24:09 Europe/Berlin] Database connection successful
[31-Jan-2025 22:24:09 Europe/Berlin] Initial database connection test successful
[31-Jan-2025 22:24:09 Europe/Berlin] Attempting database connection to localhost...
[31-Jan-2025 22:24:09 Europe/Berlin] Database connection successful
[31-Jan-2025 22:24:09 Europe/Berlin] Initial database connection test successful
[31-Jan-2025 22:24:15 Europe/Berlin] Attempting database connection to localhost...
[31-Jan-2025 22:24:15 Europe/Berlin] Database connection successful
[31-Jan-2025 22:24:15 Europe/Berlin] Initial database connection test successful
[31-Jan-2025 22:24:17 Europe/Berlin] Attempting database connection to localhost...
[31-Jan-2025 22:24:17 Europe/Berlin] Database connection successful
[31-Jan-2025 22:24:17 Europe/Berlin] Initial database connection test successful
[31-Jan-2025 22:24:17 Europe/Berlin] Attempting database connection to localhost...
[31-Jan-2025 22:24:17 Europe/Berlin] Database connection successful
[31-Jan-2025 22:24:17 Europe/Berlin] Initial database connection test successful
[31-Jan-2025 22:24:21 Europe/Berlin] Attempting database connection to localhost...
[31-Jan-2025 22:24:21 Europe/Berlin] Database connection successful
[31-Jan-2025 22:24:21 Europe/Berlin] Initial database connection test successful
[31-Jan-2025 22:24:23 Europe/Berlin] Attempting database connection to localhost...
[31-Jan-2025 22:24:23 Europe/Berlin] Database connection successful
[31-Jan-2025 22:24:23 Europe/Berlin] Initial database connection test successful
[31-Jan-2025 22:25:05 Europe/Berlin] Attempting database connection to localhost...
[31-Jan-2025 22:25:05 Europe/Berlin] Database connection successful
[31-Jan-2025 22:25:05 Europe/Berlin] Initial database connection test successful
[31-Jan-2025 22:25:05 Europe/Berlin] Attempting database connection to localhost...
[31-Jan-2025 22:25:05 Europe/Berlin] Attempting database connection to localhost...
[31-Jan-2025 22:25:05 Europe/Berlin] Database connection successful
[31-Jan-2025 22:25:05 Europe/Berlin] Database connection successful
[31-Jan-2025 22:25:05 Europe/Berlin] Initial database connection test successful
[31-Jan-2025 22:25:05 Europe/Berlin] Initial database connection test successful
[31-Jan-2025 22:25:05 Europe/Berlin] Attempting database connection to localhost...
[31-Jan-2025 22:25:05 Europe/Berlin] Attempting database connection to localhost...
[31-Jan-2025 22:25:05 Europe/Berlin] Database connection successful
[31-Jan-2025 22:25:05 Europe/Berlin] Database connection established in Members class
[31-Jan-2025 22:25:05 Europe/Berlin] Database connection successful
[31-Jan-2025 22:25:05 Europe/Berlin] Attempting database connection to localhost...
[31-Jan-2025 22:25:05 Europe/Berlin] Database connection successful
[31-Jan-2025 22:25:05 Europe/Berlin] Initial database connection test successful
[31-Jan-2025 22:25:05 Europe/Berlin] Attempting database connection to localhost...
[31-Jan-2025 22:25:05 Europe/Berlin] Database connection successful
[31-Jan-2025 22:25:05 Europe/Berlin] Initial database connection test successful
[31-Jan-2025 22:25:10 Europe/Berlin] Attempting database connection to localhost...
[31-Jan-2025 22:25:10 Europe/Berlin] Database connection successful
[31-Jan-2025 22:25:10 Europe/Berlin] Initial database connection test successful
[31-Jan-2025 22:25:12 Europe/Berlin] Attempting database connection to localhost...
[31-Jan-2025 22:25:12 Europe/Berlin] Database connection successful
[31-Jan-2025 22:25:12 Europe/Berlin] Initial database connection test successful
[31-Jan-2025 22:25:17 Europe/Berlin] Attempting database connection to localhost...
[31-Jan-2025 22:25:17 Europe/Berlin] Database connection successful
[31-Jan-2025 22:25:17 Europe/Berlin] Initial database connection test successful
[31-Jan-2025 22:25:17 Europe/Berlin] Attempting database connection to localhost...
[31-Jan-2025 22:25:17 Europe/Berlin] Database connection successful
[31-Jan-2025 22:25:17 Europe/Berlin] Initial database connection test successful
[31-Jan-2025 22:25:19 Europe/Berlin] Attempting database connection to localhost...
[31-Jan-2025 22:25:19 Europe/Berlin] Database connection successful
[31-Jan-2025 22:25:19 Europe/Berlin] Initial database connection test successful
[31-Jan-2025 22:25:19 Europe/Berlin] Attempting database connection to localhost...
[31-Jan-2025 22:25:19 Europe/Berlin] Database connection successful
[31-Jan-2025 22:25:19 Europe/Berlin] Initial database connection test successful
[31-Jan-2025 22:25:19 Europe/Berlin] Attempting database connection to localhost...
[31-Jan-2025 22:25:19 Europe/Berlin] Database connection successful
[31-Jan-2025 22:25:19 Europe/Berlin] Initial database connection test successful
[31-Jan-2025 22:25:19 Europe/Berlin] Attempting database connection to localhost...
[31-Jan-2025 22:25:19 Europe/Berlin] Database connection successful
[31-Jan-2025 22:25:20 Europe/Berlin] Attempting database connection to localhost...
[31-Jan-2025 22:25:20 Europe/Berlin] Database connection successful
[31-Jan-2025 22:25:20 Europe/Berlin] Initial database connection test successful
[31-Jan-2025 22:25:20 Europe/Berlin] Attempting database connection to localhost...
[31-Jan-2025 22:25:20 Europe/Berlin] Database connection successful
[31-Jan-2025 22:25:20 Europe/Berlin] Database connection established in Members class
[31-Jan-2025 22:25:20 Europe/Berlin] Attempting database connection to localhost...
[31-Jan-2025 22:25:20 Europe/Berlin] Database connection successful
[31-Jan-2025 22:25:20 Europe/Berlin] Initial database connection test successful
[31-Jan-2025 22:25:20 Europe/Berlin] Attempting database connection to localhost...
[31-Jan-2025 22:25:20 Europe/Berlin] Database connection successful
[31-Jan-2025 22:25:20 Europe/Berlin] Database connection established in Members class
[01-Feb-2025 05:25:20 Asia/Manila] Attempting database connection to localhost...
[01-Feb-2025 05:25:20 Asia/Manila] Database connection successful
[01-Feb-2025 05:25:20 Asia/Manila] Initial database connection test successful
[01-Feb-2025 05:25:20 Asia/Manila] Attempting database connection to localhost...
[01-Feb-2025 05:25:20 Asia/Manila] Database connection successful
[31-Jan-2025 22:25:26 Europe/Berlin] Attempting database connection to localhost...
[31-Jan-2025 22:25:26 Europe/Berlin] Database connection successful
[31-Jan-2025 22:25:26 Europe/Berlin] Initial database connection test successful
[31-Jan-2025 22:25:26 Europe/Berlin] Attempting database connection to localhost...
[31-Jan-2025 22:25:26 Europe/Berlin] Database connection successful
[31-Jan-2025 22:25:26 Europe/Berlin] Database connection established in Members class
[31-Jan-2025 22:25:26 Europe/Berlin] Attempting database connection to localhost...
[31-Jan-2025 22:25:26 Europe/Berlin] Database connection successful
[31-Jan-2025 22:25:26 Europe/Berlin] Initial database connection test successful
[31-Jan-2025 22:25:26 Europe/Berlin] Attempting database connection to localhost...
[31-Jan-2025 22:25:26 Europe/Berlin] Database connection successful
[31-Jan-2025 22:25:26 Europe/Berlin] Database connection established in Members class
[31-Jan-2025 22:25:26 Europe/Berlin] Attempting database connection to localhost...
[31-Jan-2025 22:25:26 Europe/Berlin] Database connection successful
[31-Jan-2025 22:25:26 Europe/Berlin] Initial database connection test successful
[31-Jan-2025 22:25:26 Europe/Berlin] Attempting database connection to localhost...
[31-Jan-2025 22:25:26 Europe/Berlin] Database connection successful
[31-Jan-2025 22:25:26 Europe/Berlin] Database connection established in Members class
[31-Jan-2025 22:25:26 Europe/Berlin] Attempting database connection to localhost...
[31-Jan-2025 22:25:26 Europe/Berlin] Database connection successful
[31-Jan-2025 22:25:26 Europe/Berlin] Initial database connection test successful
[31-Jan-2025 22:25:26 Europe/Berlin] Attempting database connection to localhost...
[31-Jan-2025 22:25:26 Europe/Berlin] Database connection successful
[31-Jan-2025 22:25:26 Europe/Berlin] Database connection established in Members class
[01-Feb-2025 05:25:29 Asia/Manila] Attempting database connection to localhost...
[01-Feb-2025 05:25:29 Asia/Manila] Database connection successful
[01-Feb-2025 05:25:29 Asia/Manila] Initial database connection test successful
[01-Feb-2025 05:25:29 Asia/Manila] Attempting database connection to localhost...
[01-Feb-2025 05:25:29 Asia/Manila] Database connection successful
[01-Feb-2025 05:25:29 Asia/Manila] Attempting database connection to localhost...
[01-Feb-2025 05:25:29 Asia/Manila] Database connection successful
[01-Feb-2025 05:25:29 Asia/Manila] Initial database connection test successful
[01-Feb-2025 05:25:29 Asia/Manila] Attempting database connection to localhost...
[01-Feb-2025 05:25:29 Asia/Manila] Database connection successful
[31-Jan-2025 22:25:30 Europe/Berlin] Attempting database connection to localhost...
[31-Jan-2025 22:25:30 Europe/Berlin] Database connection successful
[31-Jan-2025 22:25:30 Europe/Berlin] Initial database connection test successful
[01-Feb-2025 05:25:32 Asia/Manila] Attempting database connection to localhost...
[01-Feb-2025 05:25:32 Asia/Manila] Database connection successful
[01-Feb-2025 05:25:32 Asia/Manila] Initial database connection test successful
[01-Feb-2025 05:25:32 Asia/Manila] Attempting database connection to localhost...
[01-Feb-2025 05:25:32 Asia/Manila] Database connection successful
