2025-04-27 22:07:45 - Request received
2025-04-27 22:07:45 - POST data: Array
(
    [action] => get_profile_data
)

2025-04-27 22:08:36 - Request received
2025-04-27 22:08:36 - POST data: Array
(
    [action] => get_profile_data
)

2025-04-27 22:21:41 - Request received
2025-04-27 22:21:41 - POST data: Array
(
    [action] => get_profile_data
)

2025-04-27 22:22:00 - Request received
2025-04-27 22:22:00 - POST data: Array
(
    [action] => get_profile_data
)

2025-04-27 22:22:09 - Request received
2025-04-27 22:22:09 - POST data: Array
(
    [action] => get_profile_data
)

2025-04-27 22:22:09 - Request received
2025-04-27 22:22:09 - POST data: Array
(
    [action] => get_profile_data
)

2025-04-27 22:22:15 - Request received
2025-04-27 22:22:15 - POST data: Array
(
    [action] => get_profile_data
)

2025-04-27 22:22:22 - Request received
2025-04-27 22:22:22 - POST data: Array
(
    [action] => get_profile_data
)

2025-04-27 22:22:29 - Request received
2025-04-27 22:22:29 - POST data: Array
(
    [action] => get_profile_data
)

2025-04-27 22:22:41 - Request received
2025-04-27 22:22:41 - POST data: Array
(
    [action] => update_photo
)

2025-04-27 22:22:41 - Request received
2025-04-27 22:22:41 - POST data: Array
(
    [action] => get_profile_data
)

2025-04-27 22:22:44 - Request received
2025-04-27 22:22:44 - POST data: Array
(
    [action] => get_profile_data
)

2025-04-27 22:22:51 - Request received
2025-04-27 22:22:51 - POST data: Array
(
    [action] => update_photo
)

2025-04-27 22:22:51 - Request received
2025-04-27 22:22:51 - POST data: Array
(
    [action] => get_profile_data
)

2025-04-27 22:22:54 - Request received
2025-04-27 22:22:54 - POST data: Array
(
    [action] => get_profile_data
)

2025-04-27 22:23:23 - Request received
2025-04-27 22:23:23 - POST data: Array
(
    [action] => get_profile_data
)

2025-04-27 22:23:28 - Request received
2025-04-27 22:23:28 - POST data: Array
(
    [action] => update_photo
)

2025-04-27 22:23:28 - Request received
2025-04-27 22:23:28 - POST data: Array
(
    [action] => get_profile_data
)

2025-04-27 22:23:38 - Request received
2025-04-27 22:23:38 - POST data: Array
(
    [action] => update_personal_details
    [first_name] => coach
    [last_name] => jaysons
    [sex] => Female
    [birthdate] => 2024-12-03
    [phone_number] => 09562307649
)

2025-04-27 22:23:38 - Error: You must be at least 15 years old to register.
2025-04-27 22:23:53 - Request received
2025-04-27 22:23:53 - POST data: Array
(
    [action] => update_personal_details
    [first_name] => coach
    [last_name] => jaysons
    [sex] => Male
    [birthdate] => 2000-11-01
    [phone_number] => 09562307649
)

2025-04-27 22:23:53 - Request received
2025-04-27 22:23:53 - POST data: Array
(
    [action] => get_profile_data
)

2025-04-27 22:28:51 - Request received
2025-04-27 22:28:51 - POST data: Array
(
    [action] => get_profile_data
)

2025-04-27 22:29:40 - Request received
2025-04-27 22:29:40 - POST data: Array
(
    [action] => get_profile_data
)

2025-04-27 22:29:42 - Request received
2025-04-27 22:29:42 - POST data: Array
(
    [action] => get_profile_data
)

2025-04-27 22:30:01 - Request received
2025-04-27 22:30:01 - POST data: Array
(
    [action] => get_profile_data
)

2025-04-27 22:32:07 - Request received
2025-04-27 22:32:07 - POST data: Array
(
    [action] => get_profile_data
)

2025-04-27 22:32:40 - Request received
2025-04-27 22:32:40 - POST data: Array
(
    [action] => get_profile_data
)

2025-04-27 22:33:06 - Request received
2025-04-27 22:33:06 - POST data: Array
(
    [action] => get_profile_data
)

2025-04-27 22:33:35 - Request received
2025-04-27 22:33:35 - POST data: Array
(
    [action] => get_profile_data
)

2025-04-27 22:33:37 - Request received
2025-04-27 22:33:37 - POST data: Array
(
    [action] => get_profile_data
)

2025-04-27 22:33:46 - Request received
2025-04-27 22:33:46 - POST data: Array
(
    [action] => get_profile_data
)

2025-04-27 22:35:19 - Request received
2025-04-27 22:35:19 - POST data: Array
(
    [action] => update_personal_details
    [first_name] => coach
    [last_name] => jayson
    [sex] => Male
    [birthdate] => 2000-11-01
    [phone_number] => 09562307649
)

2025-04-27 22:35:20 - Request received
2025-04-27 22:35:20 - POST data: Array
(
    [action] => get_profile_data
)

2025-04-27 22:43:41 - Request received
2025-04-27 22:43:41 - POST data: Array
(
    [action] => get_profile_data
)

2025-04-27 22:44:20 - Request received
2025-04-27 22:44:20 - POST data: Array
(
    [action] => get_profile_data
)

2025-04-27 22:44:36 - Request received
2025-04-27 22:44:36 - POST data: Array
(
    [action] => get_profile_data
)

2025-04-27 22:44:46 - Request received
2025-04-27 22:44:46 - POST data: Array
(
    [action] => get_profile_data
)

2025-04-27 22:45:02 - Request received
2025-04-27 22:45:02 - POST data: Array
(
    [action] => get_profile_data
)

2025-04-28 10:29:09 - Request received
2025-04-28 10:29:09 - POST data: Array
(
    [action] => get_profile_data
)

2025-04-28 10:29:12 - Request received
2025-04-28 10:29:12 - POST data: Array
(
    [action] => get_profile_data
)

2025-04-28 10:29:15 - Request received
2025-04-28 10:29:15 - POST data: Array
(
    [action] => get_profile_data
)

2025-04-28 10:29:18 - Request received
2025-04-28 10:29:18 - POST data: Array
(
    [action] => get_profile_data
)

2025-04-28 10:29:19 - Request received
2025-04-28 10:29:19 - POST data: Array
(
    [action] => get_profile_data
)

2025-04-28 11:16:00 - Request received
2025-04-28 11:16:00 - POST data: Array
(
    [action] => get_profile_data
)

2025-04-28 11:17:10 - Request received
2025-04-28 11:17:10 - POST data: Array
(
    [action] => get_profile_data
)

2025-04-28 11:17:12 - Request received
2025-04-28 11:17:12 - POST data: Array
(
    [action] => get_profile_data
)

2025-04-28 11:17:12 - Request received
2025-04-28 11:17:12 - POST data: Array
(
    [action] => get_profile_data
)

2025-04-28 11:17:12 - Request received
2025-04-28 11:17:12 - POST data: Array
(
    [action] => get_profile_data
)

2025-04-28 11:17:12 - Request received
2025-04-28 11:17:12 - POST data: Array
(
    [action] => get_profile_data
)

2025-04-28 11:17:13 - Request received
2025-04-28 11:17:13 - POST data: Array
(
    [action] => get_profile_data
)

2025-04-28 11:17:27 - Request received
2025-04-28 11:17:27 - POST data: Array
(
    [action] => get_profile_data
)

2025-04-28 11:17:28 - Request received
2025-04-28 11:17:28 - POST data: Array
(
    [action] => get_profile_data
)

2025-04-28 11:18:01 - Request received
2025-04-28 11:18:01 - POST data: Array
(
    [action] => update_password
    [current_password] => coach
    [new_password] => Coach123
)

2025-04-28 11:18:17 - Request received
2025-04-28 11:18:17 - POST data: Array
(
    [action] => check_username
    [username] => Coach123
)

2025-04-28 11:18:17 - Request received
2025-04-28 11:18:17 - POST data: Array
(
    [action] => update_username
    [username] => Coach123
)

2025-04-28 11:18:17 - Request received
2025-04-28 11:18:17 - POST data: Array
(
    [action] => get_profile_data
)

2025-04-28 11:21:54 - Request received
2025-04-28 11:21:54 - POST data: Array
(
    [action] => get_profile_data
)

2025-04-28 11:24:04 - Request received
2025-04-28 11:24:04 - POST data: Array
(
    [action] => get_profile_data
)

2025-04-28 11:24:26 - Request received
2025-04-28 11:24:26 - POST data: Array
(
    [action] => get_profile_data
)

2025-04-28 11:25:28 - Request received
2025-04-28 11:25:28 - POST data: Array
(
    [action] => get_profile_data
)

2025-04-28 11:25:29 - Request received
2025-04-28 11:25:29 - POST data: Array
(
    [action] => get_profile_data
)

2025-04-28 11:28:20 - Request received
2025-04-28 11:28:20 - POST data: Array
(
    [action] => get_profile_data
)

2025-04-28 11:28:47 - Request received
2025-04-28 11:28:47 - POST data: Array
(
    [action] => get_profile_data
)

2025-04-28 11:39:24 - Request received
2025-04-28 11:39:24 - POST data: Array
(
    [action] => get_profile_data
)

2025-04-28 11:39:31 - Request received
2025-04-28 11:39:31 - POST data: Array
(
    [action] => get_profile_data
)

2025-04-28 12:05:57 - Request received
2025-04-28 12:05:57 - POST data: Array
(
    [action] => get_profile_data
)

2025-04-28 12:07:03 - Request received
2025-04-28 12:07:03 - POST data: Array
(
    [action] => get_profile_data
)

2025-04-28 12:07:05 - Request received
2025-04-28 12:07:05 - POST data: Array
(
    [action] => get_profile_data
)

2025-04-28 12:26:27 - Request received
2025-04-28 12:26:27 - POST data: Array
(
    [action] => get_profile_data
)

2025-04-28 12:39:23 - Request received
2025-04-28 12:39:23 - POST data: Array
(
    [action] => get_profile_data
)

2025-04-28 12:56:10 - Request received
2025-04-28 12:56:10 - POST data: Array
(
    [action] => get_profile_data
)

2025-04-28 12:57:56 - Request received
2025-04-28 12:57:56 - POST data: Array
(
    [action] => get_profile_data
)

2025-04-28 13:14:24 - Request received
2025-04-28 13:14:24 - POST data: Array
(
    [action] => get_profile_data
)

2025-04-28 13:14:26 - Request received
2025-04-28 13:14:26 - POST data: Array
(
    [action] => get_profile_data
)

2025-04-28 13:14:45 - Request received
2025-04-28 13:14:45 - POST data: Array
(
    [action] => get_profile_data
)

2025-04-28 13:14:46 - Request received
2025-04-28 13:14:46 - POST data: Array
(
    [action] => get_profile_data
)

2025-04-28 13:14:52 - Request received
2025-04-28 13:14:52 - POST data: Array
(
    [action] => update_photo
)

2025-04-28 13:14:53 - Request received
2025-04-28 13:14:53 - POST data: Array
(
    [action] => get_profile_data
)

2025-04-28 13:14:59 - Request received
2025-04-28 13:14:59 - POST data: Array
(
    [action] => get_profile_data
)

2025-04-28 13:15:27 - Request received
2025-04-28 13:15:27 - POST data: Array
(
    [action] => get_profile_data
)

2025-04-28 13:15:28 - Request received
2025-04-28 13:15:28 - POST data: Array
(
    [action] => get_profile_data
)

2025-04-28 13:15:28 - Request received
2025-04-28 13:15:28 - POST data: Array
(
    [action] => get_profile_data
)

2025-04-28 13:15:32 - Request received
2025-04-28 13:15:32 - POST data: Array
(
    [action] => update_photo
)

2025-04-28 13:15:32 - Request received
2025-04-28 13:15:32 - POST data: Array
(
    [action] => get_profile_data
)

2025-04-28 13:15:35 - Request received
2025-04-28 13:15:35 - POST data: Array
(
    [action] => get_profile_data
)

2025-04-28 13:17:43 - Request received
2025-04-28 13:17:43 - POST data: Array
(
    [action] => get_profile_data
)

2025-04-28 13:17:45 - Request received
2025-04-28 13:17:45 - POST data: Array
(
    [action] => get_profile_data
)

2025-04-28 13:17:46 - Request received
2025-04-28 13:17:46 - POST data: Array
(
    [action] => get_profile_data
)

2025-04-28 13:17:46 - Request received
2025-04-28 13:17:46 - POST data: Array
(
    [action] => get_profile_data
)

2025-04-28 13:18:20 - Request received
2025-04-28 13:18:20 - POST data: Array
(
    [action] => get_profile_data
)

2025-04-28 13:18:21 - Request received
2025-04-28 13:18:21 - POST data: Array
(
    [action] => get_profile_data
)

2025-04-28 13:18:44 - Request received
2025-04-28 13:18:44 - POST data: Array
(
    [action] => get_profile_data
)

2025-04-28 13:20:21 - Request received
2025-04-28 13:20:21 - POST data: Array
(
    [action] => get_profile_data
)

