2025-04-27 20:00:00 - Request received
2025-04-27 20:00:00 - POST data: Array
(
    [action] => update_photo
)

2025-04-27 20:00:13 - Request received
2025-04-27 20:00:13 - POST data: Array
(
    [action] => check_username
    [username] => Gerby123
)

2025-04-27 20:00:13 - Request received
2025-04-27 20:00:13 - POST data: Array
(
    [action] => update_username
    [username] => Gerby123
)

2025-04-27 20:01:08 - Request received
2025-04-27 20:01:08 - POST data: Array
(
    [action] => update_photo
)

2025-04-27 20:01:21 - Request received
2025-04-27 20:01:21 - POST data: Array
(
    [action] => update_photo
)

2025-04-27 20:02:22 - Request received
2025-04-27 20:02:22 - POST data: Array
(
    [action] => check_username
    [username] => Gerby123
)

2025-04-27 20:02:22 - Request received
2025-04-27 20:02:22 - POST data: Array
(
    [action] => update_username
    [username] => Gerby123
)

2025-04-27 20:02:30 - Request received
2025-04-27 20:02:30 - POST data: Array
(
    [action] => update_photo
)

2025-04-27 20:03:32 - Request received
2025-04-27 20:03:32 - POST data: Array
(
    [action] => update_photo
)

2025-04-27 20:10:11 - Request received
2025-04-27 20:10:11 - POST data: Array
(
    [action] => update_photo
)

2025-04-27 20:10:27 - Request received
2025-04-27 20:10:27 - POST data: Array
(
    [action] => update_photo
)

2025-04-27 20:11:16 - Request received
2025-04-27 20:11:16 - POST data: Array
(
    [action] => check_username
    [username] => Gerby123
)

2025-04-27 20:11:16 - Request received
2025-04-27 20:11:16 - POST data: Array
(
    [action] => update_username
    [username] => Gerby123
)

2025-04-27 20:11:24 - Request received
2025-04-27 20:11:24 - POST data: Array
(
    [action] => check_username
    [username] => Gerby1231
)

2025-04-27 20:11:24 - Request received
2025-04-27 20:11:24 - POST data: Array
(
    [action] => update_photo
)

2025-04-27 20:11:24 - Request received
2025-04-27 20:11:24 - POST data: Array
(
    [action] => update_username
    [username] => Gerby1231
)

2025-04-27 20:20:31 - Request received
2025-04-27 20:20:31 - POST data: Array
(
    [action] => check_username
    [username] => Gerby123
)

2025-04-27 20:20:31 - Request received
2025-04-27 20:20:31 - POST data: Array
(
    [action] => update_username
    [username] => Gerby123
)

2025-04-27 20:21:05 - Request received
2025-04-27 20:21:05 - POST data: Array
(
    [action] => check_username
    [username] => Gerby12356
)

2025-04-27 20:21:05 - Request received
2025-04-27 20:21:05 - POST data: Array
(
    [action] => update_username
    [username] => Gerby12356
)

2025-04-27 20:21:31 - Request received
2025-04-27 20:21:31 - POST data: Array
(
    [action] => check_username
    [username] => Gerby123
)

2025-04-27 20:21:31 - Request received
2025-04-27 20:21:31 - POST data: Array
(
    [action] => update_username
    [username] => Gerby123
)

2025-04-27 20:21:37 - Request received
2025-04-27 20:21:37 - POST data: Array
(
    [action] => check_username
    [username] => Gerby12356
)

2025-04-27 20:21:37 - Request received
2025-04-27 20:21:37 - POST data: Array
(
    [action] => update_username
    [username] => Gerby12356
)

2025-04-27 20:21:43 - Request received
2025-04-27 20:21:43 - POST data: Array
(
    [action] => check_username
    [username] => Gerby123
)

2025-04-27 20:21:43 - Request received
2025-04-27 20:21:43 - POST data: Array
(
    [action] => update_username
    [username] => Gerby123
)

2025-04-27 20:21:53 - Request received
2025-04-27 20:21:53 - POST data: Array
(
    [action] => update_photo
)

2025-04-27 20:22:09 - Request received
2025-04-27 20:22:09 - POST data: Array
(
    [action] => update_photo
)

2025-04-27 20:22:41 - Request received
2025-04-27 20:22:41 - POST data: Array
(
    [action] => update_photo
)

2025-04-27 20:22:47 - Request received
2025-04-27 20:22:47 - POST data: Array
(
    [action] => check_username
    [username] => Gerby12356
)

2025-04-27 20:22:47 - Request received
2025-04-27 20:22:47 - POST data: Array
(
    [action] => update_username
    [username] => Gerby12356
)

2025-04-27 20:22:51 - Request received
2025-04-27 20:22:51 - POST data: Array
(
    [action] => check_username
    [username] => Gerby123
)

2025-04-27 20:22:51 - Request received
2025-04-27 20:22:51 - POST data: Array
(
    [action] => update_username
    [username] => Gerby123
)

2025-04-27 20:23:01 - Request received
2025-04-27 20:23:01 - POST data: Array
(
    [action] => update_photo
)

2025-04-27 20:23:49 - Request received
2025-04-27 20:23:49 - POST data: Array
(
    [action] => get_profile_data
)

2025-04-27 20:23:49 - Error: Unknown column 'u.first_name' in 'field list'
2025-04-27 20:23:50 - Request received
2025-04-27 20:23:50 - POST data: Array
(
    [action] => get_profile_data
)

2025-04-27 20:23:50 - Error: Unknown column 'u.first_name' in 'field list'
2025-04-27 20:54:50 - Request received
2025-04-27 20:54:50 - POST data: Array
(
    [action] => get_profile_data
)

2025-04-27 20:54:50 - Error: Table 'gym_managementdb.user_details' doesn't exist
2025-04-27 20:55:34 - Request received
2025-04-27 20:55:34 - POST data: Array
(
    [action] => get_profile_data
)

2025-04-27 20:55:34 - Error: Unknown column 'ud.phone' in 'field list'
2025-04-27 20:57:17 - Request received
2025-04-27 20:57:17 - POST data: Array
(
    [action] => get_profile_data
)

2025-04-27 21:05:35 - Request received
2025-04-27 21:05:35 - POST data: Array
(
    [action] => get_profile_data
)

2025-04-27 21:06:01 - Request received
2025-04-27 21:06:01 - POST data: Array
(
    [action] => get_profile_data
)

2025-04-27 21:06:06 - Request received
2025-04-27 21:06:06 - POST data: Array
(
    [action] => get_profile_data
)

2025-04-27 21:06:12 - Request received
2025-04-27 21:06:12 - POST data: Array
(
    [action] => get_profile_data
)

2025-04-27 21:22:54 - Request received
2025-04-27 21:22:54 - POST data: Array
(
    [action] => get_profile_data
)

2025-04-27 21:23:03 - Request received
2025-04-27 21:23:03 - POST data: Array
(
    [action] => get_profile_data
)

2025-04-27 21:23:04 - Request received
2025-04-27 21:23:04 - POST data: Array
(
    [action] => get_profile_data
)

2025-04-27 21:23:37 - Request received
2025-04-27 21:23:37 - POST data: Array
(
    [action] => update_photo
)

2025-04-27 21:23:44 - Request received
2025-04-27 21:23:44 - POST data: Array
(
    [action] => get_profile_data
)

2025-04-27 21:24:23 - Request received
2025-04-27 21:24:23 - POST data: Array
(
    [action] => update_personal_details
    [first_name] => Gerbys
    [last_name] => Hallasgo
    [sex] => Male
    [birthdate] => 2002-11-26
    [phone_number] => 09562307645
)

2025-04-27 21:24:29 - Request received
2025-04-27 21:24:29 - POST data: Array
(
    [action] => update_personal_details
    [first_name] => Gerby
    [last_name] => Hallasgo
    [sex] => Male
    [birthdate] => 2002-11-26
    [phone_number] => 09562307645
)

2025-04-27 21:24:35 - Request received
2025-04-27 21:24:35 - POST data: Array
(
    [action] => update_personal_details
    [first_name] => Gerby
    [last_name] => Hallasgo
    [sex] => 
    [birthdate] => 2002-11-26
    [phone_number] => 09562307645
)

2025-04-27 21:24:39 - Request received
2025-04-27 21:24:39 - POST data: Array
(
    [action] => update_personal_details
    [first_name] => Gerby
    [last_name] => Hallasgo
    [sex] => Male
    [birthdate] => 2002-11-26
    [phone_number] => 09562307645
)

2025-04-27 21:29:18 - Request received
2025-04-27 21:29:18 - POST data: Array
(
    [action] => get_profile_data
)

2025-04-27 21:29:20 - Request received
2025-04-27 21:29:20 - POST data: Array
(
    [action] => get_profile_data
)

2025-04-27 21:29:22 - Request received
2025-04-27 21:29:22 - POST data: Array
(
    [action] => get_profile_data
)

2025-04-27 21:29:22 - Request received
2025-04-27 21:29:22 - POST data: Array
(
    [action] => get_profile_data
)

2025-04-27 21:29:23 - Request received
2025-04-27 21:29:23 - POST data: Array
(
    [action] => get_profile_data
)

2025-04-27 21:29:28 - Request received
2025-04-27 21:29:28 - POST data: Array
(
    [action] => get_profile_data
)

2025-04-27 21:29:30 - Request received
2025-04-27 21:29:30 - POST data: Array
(
    [action] => get_profile_data
)

2025-04-27 21:29:31 - Request received
2025-04-27 21:29:31 - POST data: Array
(
    [action] => get_profile_data
)

2025-04-27 21:29:31 - Request received
2025-04-27 21:29:31 - POST data: Array
(
    [action] => get_profile_data
)

2025-04-27 21:29:31 - Request received
2025-04-27 21:29:31 - POST data: Array
(
    [action] => get_profile_data
)

2025-04-27 21:29:32 - Request received
2025-04-27 21:29:32 - POST data: Array
(
    [action] => get_profile_data
)

2025-04-27 21:29:32 - Request received
2025-04-27 21:29:32 - POST data: Array
(
    [action] => get_profile_data
)

2025-04-27 21:29:32 - Request received
2025-04-27 21:29:32 - POST data: Array
(
    [action] => get_profile_data
)

2025-04-27 21:29:33 - Request received
2025-04-27 21:29:33 - POST data: Array
(
    [action] => get_profile_data
)

2025-04-27 21:29:44 - Request received
2025-04-27 21:29:44 - POST data: Array
(
    [action] => update_personal_details
    [first_name] => Gerby
    [last_name] => Hallasgo
    [sex] => Female
    [birthdate] => 2002-11-26
    [phone_number] => 09562307645
)

2025-04-27 21:29:55 - Request received
2025-04-27 21:29:55 - POST data: Array
(
    [action] => update_photo
)

2025-04-27 21:30:27 - Request received
2025-04-27 21:30:27 - POST data: Array
(
    [action] => get_profile_data
)

2025-04-27 21:30:28 - Request received
2025-04-27 21:30:28 - POST data: Array
(
    [action] => get_profile_data
)

2025-04-27 21:30:34 - Request received
2025-04-27 21:30:34 - POST data: Array
(
    [action] => update_photo
)

2025-04-27 21:30:36 - Request received
2025-04-27 21:30:36 - POST data: Array
(
    [action] => get_profile_data
)

2025-04-27 21:30:47 - Request received
2025-04-27 21:30:47 - POST data: Array
(
    [action] => update_photo
)

2025-04-27 21:30:50 - Request received
2025-04-27 21:30:50 - POST data: Array
(
    [action] => get_profile_data
)

2025-04-27 21:31:00 - Request received
2025-04-27 21:31:00 - POST data: Array
(
    [action] => update_personal_details
    [first_name] => Gerby
    [last_name] => Hallasgo
    [sex] => Male
    [birthdate] => 2002-11-26
    [phone_number] => 09562307645
)

2025-04-27 21:31:02 - Request received
2025-04-27 21:31:02 - POST data: Array
(
    [action] => get_profile_data
)

2025-04-27 21:31:20 - Request received
2025-04-27 21:31:20 - POST data: Array
(
    [action] => get_profile_data
)

2025-04-27 21:31:24 - Request received
2025-04-27 21:31:24 - POST data: Array
(
    [action] => update_personal_details
    [first_name] => Gerby
    [last_name] => Hallasgo
    [sex] => Female
    [birthdate] => 2002-11-26
    [phone_number] => 09562307645
)

2025-04-27 21:31:24 - Request received
2025-04-27 21:31:24 - POST data: Array
(
    [action] => get_profile_data
)

2025-04-27 21:31:26 - Request received
2025-04-27 21:31:26 - POST data: Array
(
    [action] => update_personal_details
    [first_name] => Gerby
    [last_name] => Hallasgo
    [sex] => Male
    [birthdate] => 2002-11-26
    [phone_number] => 09562307645
)

2025-04-27 21:31:27 - Request received
2025-04-27 21:31:27 - POST data: Array
(
    [action] => get_profile_data
)

2025-04-27 21:32:40 - Request received
2025-04-27 21:32:40 - POST data: Array
(
    [action] => get_profile_data
)

2025-04-27 21:32:59 - Request received
2025-04-27 21:32:59 - POST data: Array
(
    [action] => update_password
    [current_password] => Gerby123
    [new_password] => Crystalice06
)

2025-04-27 21:33:06 - Request received
2025-04-27 21:33:06 - POST data: Array
(
    [action] => update_password
    [current_password] => Gerby123
    [new_password] => Crystalice06
)

2025-04-27 21:36:12 - Request received
2025-04-27 21:36:12 - POST data: Array
(
    [action] => update_personal_details
    [first_name] => Gerby
    [last_name] => Hallasgo
    [sex] => Male
    [birthdate] => 2002-11-26
    [phone_number] => 09562307646
)

2025-04-27 21:36:13 - Request received
2025-04-27 21:36:13 - POST data: Array
(
    [action] => get_profile_data
)

2025-04-27 21:36:36 - Request received
2025-04-27 21:36:36 - POST data: Array
(
    [action] => update_personal_details
    [first_name] => Gerby
    [last_name] => Hallasgo
    [sex] => Male
    [birthdate] => 2002-11-26
    [phone_number] => 09562307649
)

2025-04-27 21:36:36 - Request received
2025-04-27 21:36:36 - POST data: Array
(
    [action] => get_profile_data
)

2025-04-27 21:49:24 - Request received
2025-04-27 21:49:24 - POST data: Array
(
    [action] => get_profile_data
)

2025-04-27 21:49:27 - Request received
2025-04-27 21:49:27 - POST data: Array
(
    [action] => get_profile_data
)

2025-04-27 21:49:32 - Request received
2025-04-27 21:49:32 - POST data: Array
(
    [action] => update_personal_details
    [first_name] => Gerby
    [last_name] => Hallasgo
    [sex] => Male
    [birthdate] => 2002-11-26
    [phone_number] => 095623076494
)

2025-04-27 21:49:33 - Request received
2025-04-27 21:49:33 - POST data: Array
(
    [action] => get_profile_data
)

2025-04-27 21:49:38 - Request received
2025-04-27 21:49:38 - POST data: Array
(
    [action] => update_personal_details
    [first_name] => Gerby
    [last_name] => Hallasgo
    [sex] => Male
    [birthdate] => 2002-11-26
    [phone_number] => 09562307646
)

2025-04-27 21:49:38 - Error: A user with the same phone number already exists. Please use a different phone number.
2025-04-27 21:49:45 - Request received
2025-04-27 21:49:45 - POST data: Array
(
    [action] => update_personal_details
    [first_name] => Gerby
    [last_name] => Hallasgo
    [sex] => Male
    [birthdate] => 2002-11-26
    [phone_number] => 09562307649
)

2025-04-27 21:49:46 - Request received
2025-04-27 21:49:46 - POST data: Array
(
    [action] => get_profile_data
)

2025-04-27 21:52:33 - Request received
2025-04-27 21:52:33 - POST data: Array
(
    [action] => get_profile_data
)

2025-04-27 21:52:35 - Request received
2025-04-27 21:52:35 - POST data: Array
(
    [action] => update_personal_details
    [first_name] => Gerby
    [last_name] => Hallasgo
    [sex] => Male
    [birthdate] => 2002-11-26
    [phone_number] => 09562307649123
)

2025-04-27 21:52:35 - Error: Please enter a valid Philippine phone number (e.g., 09123456789 or +639123456789).
2025-04-27 21:52:46 - Request received
2025-04-27 21:52:46 - POST data: Array
(
    [action] => update_personal_details
    [first_name] => Gerby
    [last_name] => Hallasgo
    [sex] => Male
    [birthdate] => 2002-11-26
    [phone_number] => 09562307644
)

2025-04-27 21:52:46 - Request received
2025-04-27 21:52:46 - POST data: Array
(
    [action] => get_profile_data
)

2025-04-27 21:52:58 - Request received
2025-04-27 21:52:58 - POST data: Array
(
    [action] => check_username
    [username] => Crystalice06
)

2025-04-27 21:52:58 - Request received
2025-04-27 21:52:58 - POST data: Array
(
    [action] => update_username
    [username] => Crystalice06
)

2025-04-27 21:52:59 - Request received
2025-04-27 21:52:59 - POST data: Array
(
    [action] => get_profile_data
)

2025-04-27 21:57:25 - Request received
2025-04-27 21:57:25 - POST data: Array
(
    [action] => get_profile_data
)

2025-04-27 21:57:47 - Request received
2025-04-27 21:57:47 - POST data: Array
(
    [action] => check_username
    [username] => Gerby123
)

2025-04-27 21:57:47 - Request received
2025-04-27 21:57:47 - POST data: Array
(
    [action] => update_username
    [username] => Gerby123
)

2025-04-27 21:57:47 - Request received
2025-04-27 21:57:47 - POST data: Array
(
    [action] => get_profile_data
)

2025-04-27 21:57:50 - Request received
2025-04-27 21:57:50 - POST data: Array
(
    [action] => get_profile_data
)

2025-04-28 10:29:43 - Request received
2025-04-28 10:29:43 - POST data: Array
(
    [action] => get_profile_data
)

2025-04-28 10:30:28 - Request received
2025-04-28 10:30:28 - POST data: Array
(
    [action] => update_photo
)

2025-04-28 10:30:29 - Request received
2025-04-28 10:30:29 - POST data: Array
(
    [action] => get_profile_data
)

2025-04-28 10:32:38 - Request received
2025-04-28 10:32:38 - POST data: Array
(
    [action] => get_profile_data
)

2025-04-28 10:33:30 - Request received
2025-04-28 10:33:30 - POST data: Array
(
    [action] => get_profile_data
)

2025-04-28 10:33:31 - Request received
2025-04-28 10:33:31 - POST data: Array
(
    [action] => get_profile_data
)

2025-04-28 10:33:32 - Request received
2025-04-28 10:33:32 - POST data: Array
(
    [action] => get_profile_data
)

2025-04-28 10:35:31 - Request received
2025-04-28 10:35:31 - POST data: Array
(
    [action] => get_profile_data
)

2025-04-28 10:35:32 - Request received
2025-04-28 10:35:32 - POST data: Array
(
    [action] => get_profile_data
)

2025-04-28 10:35:33 - Request received
2025-04-28 10:35:33 - POST data: Array
(
    [action] => get_profile_data
)

2025-04-28 10:35:33 - Request received
2025-04-28 10:35:33 - POST data: Array
(
    [action] => get_profile_data
)

2025-04-28 10:35:33 - Request received
2025-04-28 10:35:33 - POST data: Array
(
    [action] => get_profile_data
)

2025-04-28 10:35:34 - Request received
2025-04-28 10:35:34 - POST data: Array
(
    [action] => get_profile_data
)

2025-04-28 10:35:34 - Request received
2025-04-28 10:35:34 - POST data: Array
(
    [action] => get_profile_data
)

2025-04-28 10:35:34 - Request received
2025-04-28 10:35:34 - POST data: Array
(
    [action] => get_profile_data
)

2025-04-28 10:35:47 - Request received
2025-04-28 10:35:47 - POST data: Array
(
    [action] => get_profile_data
)

2025-04-28 10:35:56 - Request received
2025-04-28 10:35:56 - POST data: Array
(
    [action] => get_profile_data
)

2025-04-28 10:36:20 - Request received
2025-04-28 10:36:20 - POST data: Array
(
    [action] => get_profile_data
)

2025-04-28 10:36:21 - Request received
2025-04-28 10:36:21 - POST data: Array
(
    [action] => get_profile_data
)

2025-04-28 10:36:21 - Request received
2025-04-28 10:36:21 - POST data: Array
(
    [action] => get_profile_data
)

2025-04-28 10:36:26 - Request received
2025-04-28 10:36:26 - POST data: Array
(
    [action] => get_profile_data
)

2025-04-28 10:36:54 - Request received
2025-04-28 10:36:54 - POST data: Array
(
    [action] => get_profile_data
)

2025-04-28 10:36:56 - Request received
2025-04-28 10:36:56 - POST data: Array
(
    [action] => get_profile_data
)

2025-04-28 10:37:01 - Request received
2025-04-28 10:37:01 - POST data: Array
(
    [action] => get_profile_data
)

2025-04-28 10:37:02 - Request received
2025-04-28 10:37:02 - POST data: Array
(
    [action] => get_profile_data
)

2025-04-28 10:37:03 - Request received
2025-04-28 10:37:03 - POST data: Array
(
    [action] => get_profile_data
)

2025-04-28 10:38:45 - Request received
2025-04-28 10:38:45 - POST data: Array
(
    [action] => get_profile_data
)

2025-04-28 10:38:46 - Request received
2025-04-28 10:38:46 - POST data: Array
(
    [action] => get_profile_data
)

2025-04-28 10:38:47 - Request received
2025-04-28 10:38:47 - POST data: Array
(
    [action] => get_profile_data
)

2025-04-28 10:38:47 - Request received
2025-04-28 10:38:47 - POST data: Array
(
    [action] => get_profile_data
)

2025-04-28 10:38:54 - Request received
2025-04-28 10:38:54 - POST data: Array
(
    [action] => get_profile_data
)

2025-04-28 10:38:55 - Request received
2025-04-28 10:38:55 - POST data: Array
(
    [action] => get_profile_data
)

2025-04-28 10:38:55 - Request received
2025-04-28 10:38:55 - POST data: Array
(
    [action] => get_profile_data
)

2025-04-28 10:38:55 - Request received
2025-04-28 10:38:55 - POST data: Array
(
    [action] => get_profile_data
)

2025-04-28 10:38:56 - Request received
2025-04-28 10:38:56 - POST data: Array
(
    [action] => get_profile_data
)

2025-04-28 10:39:12 - Request received
2025-04-28 10:39:12 - POST data: Array
(
    [action] => get_profile_data
)

2025-04-28 10:39:13 - Request received
2025-04-28 10:39:13 - POST data: Array
(
    [action] => get_profile_data
)

2025-04-28 10:39:14 - Request received
2025-04-28 10:39:14 - POST data: Array
(
    [action] => get_profile_data
)

2025-04-28 10:39:14 - Request received
2025-04-28 10:39:14 - POST data: Array
(
    [action] => get_profile_data
)

2025-04-28 10:39:33 - Request received
2025-04-28 10:39:33 - POST data: Array
(
    [action] => get_profile_data
)

2025-04-28 10:39:33 - Request received
2025-04-28 10:39:33 - POST data: Array
(
    [action] => get_profile_data
)

2025-04-28 10:39:34 - Request received
2025-04-28 10:39:34 - POST data: Array
(
    [action] => get_profile_data
)

2025-04-28 10:39:34 - Request received
2025-04-28 10:39:34 - POST data: Array
(
    [action] => get_profile_data
)

2025-04-28 10:39:34 - Request received
2025-04-28 10:39:34 - POST data: Array
(
    [action] => get_profile_data
)

2025-04-28 10:39:34 - Request received
2025-04-28 10:39:34 - POST data: Array
(
    [action] => get_profile_data
)

2025-04-28 10:39:35 - Request received
2025-04-28 10:39:35 - POST data: Array
(
    [action] => get_profile_data
)

2025-04-28 10:39:35 - Request received
2025-04-28 10:39:35 - POST data: Array
(
    [action] => get_profile_data
)

2025-04-28 10:46:16 - Request received
2025-04-28 10:46:16 - POST data: Array
(
    [action] => get_profile_data
)

2025-04-28 10:46:17 - Request received
2025-04-28 10:46:17 - POST data: Array
(
    [action] => get_profile_data
)

2025-04-28 10:46:18 - Request received
2025-04-28 10:46:18 - POST data: Array
(
    [action] => get_profile_data
)

2025-04-28 10:46:19 - Request received
2025-04-28 10:46:19 - POST data: Array
(
    [action] => get_profile_data
)

2025-04-28 10:46:19 - Request received
2025-04-28 10:46:19 - POST data: Array
(
    [action] => get_profile_data
)

2025-04-28 10:46:20 - Request received
2025-04-28 10:46:20 - POST data: Array
(
    [action] => get_profile_data
)

2025-04-28 10:46:20 - Request received
2025-04-28 10:46:20 - POST data: Array
(
    [action] => get_profile_data
)

2025-04-28 10:46:21 - Request received
2025-04-28 10:46:21 - POST data: Array
(
    [action] => get_profile_data
)

2025-04-28 10:46:21 - Request received
2025-04-28 10:46:21 - POST data: Array
(
    [action] => get_profile_data
)

2025-04-28 10:46:22 - Request received
2025-04-28 10:46:22 - POST data: Array
(
    [action] => get_profile_data
)

2025-04-28 10:46:22 - Request received
2025-04-28 10:46:22 - POST data: Array
(
    [action] => get_profile_data
)

2025-04-28 10:46:22 - Request received
2025-04-28 10:46:22 - POST data: Array
(
    [action] => get_profile_data
)

2025-04-28 10:46:23 - Request received
2025-04-28 10:46:23 - POST data: Array
(
    [action] => get_profile_data
)

2025-04-28 10:46:23 - Request received
2025-04-28 10:46:23 - POST data: Array
(
    [action] => get_profile_data
)

2025-04-28 10:46:24 - Request received
2025-04-28 10:46:24 - POST data: Array
(
    [action] => get_profile_data
)

2025-04-28 10:46:27 - Request received
2025-04-28 10:46:27 - POST data: Array
(
    [action] => get_profile_data
)

2025-04-28 10:46:28 - Request received
2025-04-28 10:46:28 - POST data: Array
(
    [action] => get_profile_data
)

2025-04-28 10:46:31 - Request received
2025-04-28 10:46:31 - POST data: Array
(
    [action] => get_profile_data
)

2025-04-28 10:46:32 - Request received
2025-04-28 10:46:32 - POST data: Array
(
    [action] => get_profile_data
)

2025-04-28 10:46:33 - Request received
2025-04-28 10:46:33 - POST data: Array
(
    [action] => get_profile_data
)

2025-04-28 10:46:33 - Request received
2025-04-28 10:46:33 - POST data: Array
(
    [action] => get_profile_data
)

2025-04-28 10:46:33 - Request received
2025-04-28 10:46:33 - POST data: Array
(
    [action] => get_profile_data
)

2025-04-28 10:46:34 - Request received
2025-04-28 10:46:34 - POST data: Array
(
    [action] => get_profile_data
)

2025-04-28 10:46:34 - Request received
2025-04-28 10:46:34 - POST data: Array
(
    [action] => get_profile_data
)

2025-04-28 10:52:18 - Request received
2025-04-28 10:52:18 - POST data: Array
(
    [action] => get_profile_data
)

2025-04-28 10:52:37 - Request received
2025-04-28 10:52:37 - POST data: Array
(
    [action] => get_profile_data
)

2025-04-28 10:52:38 - Request received
2025-04-28 10:52:38 - POST data: Array
(
    [action] => get_profile_data
)

2025-04-28 10:53:06 - Request received
2025-04-28 10:53:06 - POST data: Array
(
    [action] => get_profile_data
)

2025-04-28 10:53:07 - Request received
2025-04-28 10:53:07 - POST data: Array
(
    [action] => get_profile_data
)

2025-04-28 10:53:07 - Request received
2025-04-28 10:53:07 - POST data: Array
(
    [action] => get_profile_data
)

2025-04-28 10:53:08 - Request received
2025-04-28 10:53:08 - POST data: Array
(
    [action] => get_profile_data
)

2025-04-28 10:53:08 - Request received
2025-04-28 10:53:08 - POST data: Array
(
    [action] => get_profile_data
)

2025-04-28 10:53:09 - Request received
2025-04-28 10:53:09 - POST data: Array
(
    [action] => get_profile_data
)

2025-04-28 10:53:44 - Request received
2025-04-28 10:53:44 - POST data: Array
(
    [action] => get_profile_data
)

2025-04-28 10:53:45 - Request received
2025-04-28 10:53:45 - POST data: Array
(
    [action] => get_profile_data
)

2025-04-28 10:53:45 - Request received
2025-04-28 10:53:45 - POST data: Array
(
    [action] => get_profile_data
)

2025-04-28 10:53:46 - Request received
2025-04-28 10:53:46 - POST data: Array
(
    [action] => get_profile_data
)

2025-04-28 10:54:09 - Request received
2025-04-28 10:54:09 - POST data: Array
(
    [action] => get_profile_data
)

2025-04-28 10:54:10 - Request received
2025-04-28 10:54:10 - POST data: Array
(
    [action] => get_profile_data
)

2025-04-28 10:54:10 - Request received
2025-04-28 10:54:10 - POST data: Array
(
    [action] => get_profile_data
)

2025-04-28 10:54:10 - Request received
2025-04-28 10:54:10 - POST data: Array
(
    [action] => get_profile_data
)

2025-04-28 10:54:11 - Request received
2025-04-28 10:54:11 - POST data: Array
(
    [action] => get_profile_data
)

2025-04-28 10:56:01 - Request received
2025-04-28 10:56:01 - POST data: Array
(
    [action] => get_profile_data
)

2025-04-28 10:56:05 - Request received
2025-04-28 10:56:05 - POST data: Array
(
    [action] => get_profile_data
)

2025-04-28 10:56:06 - Request received
2025-04-28 10:56:06 - POST data: Array
(
    [action] => get_profile_data
)

2025-04-28 10:56:06 - Request received
2025-04-28 10:56:06 - POST data: Array
(
    [action] => get_profile_data
)

2025-04-28 10:56:07 - Request received
2025-04-28 10:56:07 - POST data: Array
(
    [action] => get_profile_data
)

2025-04-28 10:56:09 - Request received
2025-04-28 10:56:09 - POST data: Array
(
    [action] => get_profile_data
)

2025-04-28 10:56:11 - Request received
2025-04-28 10:56:11 - POST data: Array
(
    [action] => get_profile_data
)

2025-04-28 10:56:12 - Request received
2025-04-28 10:56:12 - POST data: Array
(
    [action] => get_profile_data
)

2025-04-28 10:56:14 - Request received
2025-04-28 10:56:14 - POST data: Array
(
    [action] => get_profile_data
)

2025-04-28 10:56:14 - Request received
2025-04-28 10:56:14 - POST data: Array
(
    [action] => get_profile_data
)

2025-04-28 10:56:33 - Request received
2025-04-28 10:56:33 - POST data: Array
(
    [action] => get_profile_data
)

2025-04-28 10:56:35 - Request received
2025-04-28 10:56:35 - POST data: Array
(
    [action] => get_profile_data
)

2025-04-28 10:57:49 - Request received
2025-04-28 10:57:49 - POST data: Array
(
    [action] => get_profile_data
)

2025-04-28 10:57:52 - Request received
2025-04-28 10:57:52 - POST data: Array
(
    [action] => get_profile_data
)

2025-04-28 10:57:53 - Request received
2025-04-28 10:57:53 - POST data: Array
(
    [action] => get_profile_data
)

2025-04-28 10:57:58 - Request received
2025-04-28 10:57:58 - POST data: Array
(
    [action] => get_profile_data
)

2025-04-28 10:58:16 - Request received
2025-04-28 10:58:16 - POST data: Array
(
    [action] => update_photo
)

2025-04-28 10:58:16 - Request received
2025-04-28 10:58:16 - POST data: Array
(
    [action] => get_profile_data
)

2025-04-28 11:10:19 - Request received
2025-04-28 11:10:19 - POST data: Array
(
    [action] => get_profile_data
)

2025-04-28 11:10:26 - Request received
2025-04-28 11:10:26 - POST data: Array
(
    [action] => update_photo
)

2025-04-28 11:10:26 - Request received
2025-04-28 11:10:26 - POST data: Array
(
    [action] => get_profile_data
)

2025-04-28 11:10:35 - Request received
2025-04-28 11:10:35 - POST data: Array
(
    [action] => get_profile_data
)

2025-04-28 11:11:38 - Request received
2025-04-28 11:11:38 - POST data: Array
(
    [action] => get_profile_data
)

2025-04-28 11:11:41 - Request received
2025-04-28 11:11:41 - POST data: Array
(
    [action] => get_profile_data
)

2025-04-28 11:14:18 - Request received
2025-04-28 11:14:18 - POST data: Array
(
    [action] => get_profile_data
)

2025-04-28 11:14:19 - Request received
2025-04-28 11:14:19 - POST data: Array
(
    [action] => get_profile_data
)

2025-04-28 11:14:20 - Request received
2025-04-28 11:14:20 - POST data: Array
(
    [action] => get_profile_data
)

2025-04-28 11:14:20 - Request received
2025-04-28 11:14:20 - POST data: Array
(
    [action] => get_profile_data
)

2025-04-28 11:14:39 - Request received
2025-04-28 11:14:39 - POST data: Array
(
    [action] => get_profile_data
)

2025-04-28 11:14:40 - Request received
2025-04-28 11:14:40 - POST data: Array
(
    [action] => get_profile_data
)

2025-04-28 11:14:41 - Request received
2025-04-28 11:14:41 - POST data: Array
(
    [action] => get_profile_data
)

2025-04-28 11:14:42 - Request received
2025-04-28 11:14:42 - POST data: Array
(
    [action] => get_profile_data
)

2025-04-28 11:14:42 - Request received
2025-04-28 11:14:42 - POST data: Array
(
    [action] => get_profile_data
)

2025-04-28 11:14:42 - Request received
2025-04-28 11:14:42 - POST data: Array
(
    [action] => get_profile_data
)

2025-04-28 11:14:43 - Request received
2025-04-28 11:14:43 - POST data: Array
(
    [action] => get_profile_data
)

2025-04-28 11:14:44 - Request received
2025-04-28 11:14:44 - POST data: Array
(
    [action] => get_profile_data
)

2025-04-28 11:14:44 - Request received
2025-04-28 11:14:44 - POST data: Array
(
    [action] => get_profile_data
)

2025-04-28 11:15:02 - Request received
2025-04-28 11:15:02 - POST data: Array
(
    [action] => update_photo
)

2025-04-28 11:15:02 - Request received
2025-04-28 11:15:02 - POST data: Array
(
    [action] => get_profile_data
)

2025-04-28 11:15:16 - Request received
2025-04-28 11:15:16 - POST data: Array
(
    [action] => update_photo
)

2025-04-28 11:15:16 - Request received
2025-04-28 11:15:16 - POST data: Array
(
    [action] => get_profile_data
)

2025-04-28 11:19:54 - Request received
2025-04-28 11:19:54 - POST data: Array
(
    [action] => get_profile_data
)

2025-04-28 12:40:14 - Request received
2025-04-28 12:40:14 - POST data: Array
(
    [action] => get_profile_data
)

2025-04-28 12:40:40 - Request received
2025-04-28 12:40:40 - POST data: Array
(
    [action] => get_profile_data
)

2025-04-28 12:43:25 - Request received
2025-04-28 12:43:25 - POST data: Array
(
    [action] => get_profile_data
)

2025-04-28 12:46:39 - Request received
2025-04-28 12:46:39 - POST data: Array
(
    [action] => get_profile_data
)

2025-04-28 12:46:40 - Request received
2025-04-28 12:46:40 - POST data: Array
(
    [action] => get_profile_data
)

2025-04-28 12:46:42 - Request received
2025-04-28 12:46:42 - POST data: Array
(
    [action] => get_profile_data
)

2025-04-28 12:46:42 - Request received
2025-04-28 12:46:42 - POST data: Array
(
    [action] => get_profile_data
)

2025-04-28 12:46:42 - Request received
2025-04-28 12:46:42 - POST data: Array
(
    [action] => get_profile_data
)

2025-04-28 12:47:31 - Request received
2025-04-28 12:47:31 - POST data: Array
(
    [action] => get_profile_data
)

2025-04-28 12:48:38 - Request received
2025-04-28 12:48:38 - POST data: Array
(
    [action] => get_profile_data
)

2025-04-28 12:49:21 - Request received
2025-04-28 12:49:21 - POST data: Array
(
    [action] => get_profile_data
)

2025-04-28 12:49:29 - Request received
2025-04-28 12:49:29 - POST data: Array
(
    [action] => get_profile_data
)

2025-04-28 12:50:11 - Request received
2025-04-28 12:50:11 - POST data: Array
(
    [action] => get_profile_data
)

2025-04-28 12:52:13 - Request received
2025-04-28 12:52:13 - POST data: Array
(
    [action] => get_profile_data
)

2025-04-28 12:52:40 - Request received
2025-04-28 12:52:40 - POST data: Array
(
    [action] => get_profile_data
)

2025-04-28 12:52:52 - Request received
2025-04-28 12:52:52 - POST data: Array
(
    [action] => get_profile_data
)

2025-04-28 13:06:37 - Request received
2025-04-28 13:06:37 - POST data: Array
(
    [action] => get_profile_data
)

2025-04-28 13:06:39 - Request received
2025-04-28 13:06:39 - POST data: Array
(
    [action] => get_profile_data
)

2025-04-28 13:06:50 - Request received
2025-04-28 13:06:50 - POST data: Array
(
    [action] => get_profile_data
)

2025-04-28 13:06:54 - Request received
2025-04-28 13:06:54 - POST data: Array
(
    [action] => get_profile_data
)

2025-04-28 13:08:20 - Request received
2025-04-28 13:08:20 - POST data: Array
(
    [action] => get_profile_data
)

2025-04-28 13:08:21 - Request received
2025-04-28 13:08:21 - POST data: Array
(
    [action] => get_profile_data
)

2025-04-28 13:08:21 - Request received
2025-04-28 13:08:21 - POST data: Array
(
    [action] => get_profile_data
)

2025-04-28 13:08:23 - Request received
2025-04-28 13:08:23 - POST data: Array
(
    [action] => get_profile_data
)

2025-04-28 13:08:23 - Request received
2025-04-28 13:08:23 - POST data: Array
(
    [action] => get_profile_data
)

2025-04-28 13:08:29 - Request received
2025-04-28 13:08:29 - POST data: Array
(
    [action] => get_profile_data
)

2025-04-28 13:08:30 - Request received
2025-04-28 13:08:30 - POST data: Array
(
    [action] => get_profile_data
)

2025-04-28 13:08:31 - Request received
2025-04-28 13:08:31 - POST data: Array
(
    [action] => get_profile_data
)

2025-04-28 13:08:37 - Request received
2025-04-28 13:08:37 - POST data: Array
(
    [action] => update_photo
)

2025-04-28 13:08:37 - Request received
2025-04-28 13:08:37 - POST data: Array
(
    [action] => get_profile_data
)

2025-04-28 13:08:39 - Request received
2025-04-28 13:08:39 - POST data: Array
(
    [action] => get_profile_data
)

2025-04-28 13:09:03 - Request received
2025-04-28 13:09:03 - POST data: Array
(
    [action] => get_profile_data
)

2025-04-28 13:09:04 - Request received
2025-04-28 13:09:04 - POST data: Array
(
    [action] => get_profile_data
)

2025-04-28 13:09:05 - Request received
2025-04-28 13:09:05 - POST data: Array
(
    [action] => get_profile_data
)

2025-04-28 13:09:05 - Request received
2025-04-28 13:09:05 - POST data: Array
(
    [action] => get_profile_data
)

2025-04-28 13:09:05 - Request received
2025-04-28 13:09:05 - POST data: Array
(
    [action] => get_profile_data
)

2025-04-28 13:09:05 - Request received
2025-04-28 13:09:05 - POST data: Array
(
    [action] => get_profile_data
)

2025-04-28 13:09:16 - Request received
2025-04-28 13:09:16 - POST data: Array
(
    [action] => get_profile_data
)

2025-04-28 13:09:18 - Request received
2025-04-28 13:09:18 - POST data: Array
(
    [action] => get_profile_data
)

2025-04-28 13:09:30 - Request received
2025-04-28 13:09:30 - POST data: Array
(
    [action] => get_profile_data
)

2025-04-28 13:09:31 - Request received
2025-04-28 13:09:31 - POST data: Array
(
    [action] => get_profile_data
)

2025-04-28 13:09:32 - Request received
2025-04-28 13:09:32 - POST data: Array
(
    [action] => get_profile_data
)

2025-04-28 13:09:45 - Request received
2025-04-28 13:09:45 - POST data: Array
(
    [action] => update_photo
)

2025-04-28 13:09:45 - Request received
2025-04-28 13:09:45 - POST data: Array
(
    [action] => get_profile_data
)

2025-04-28 13:20:50 - Request received
2025-04-28 13:20:50 - POST data: Array
(
    [action] => get_profile_data
)

2025-04-28 19:44:31 - Request received
2025-04-28 19:44:31 - POST data: Array
(
    [action] => get_profile_data
)

2025-04-28 20:04:01 - Request received
2025-04-28 20:04:01 - POST data: Array
(
    [action] => get_profile_data
)

2025-04-28 22:43:25 - Request received
2025-04-28 22:43:25 - POST data: Array
(
    [action] => get_profile_data
)

2025-04-28 23:54:36 - Request received
2025-04-28 23:54:36 - POST data: Array
(
    [action] => get_profile_data
)

2025-04-28 23:55:46 - Request received
2025-04-28 23:55:46 - POST data: Array
(
    [action] => get_profile_data
)

2025-04-29 00:10:23 - Request received
2025-04-29 00:10:23 - POST data: Array
(
    [action] => get_profile_data
)

2025-04-29 00:11:40 - Request received
2025-04-29 00:11:40 - POST data: Array
(
    [action] => get_profile_data
)

2025-04-29 08:01:24 - Request received
2025-04-29 08:01:24 - POST data: Array
(
    [action] => get_profile_data
)

2025-04-29 08:25:16 - Request received
2025-04-29 08:25:16 - POST data: Array
(
    [action] => get_profile_data
)

2025-04-29 08:28:22 - Request received
2025-04-29 08:28:22 - POST data: Array
(
    [action] => get_profile_data
)

2025-04-29 08:36:28 - Request received
2025-04-29 08:36:28 - POST data: Array
(
    [action] => get_profile_data
)

2025-04-29 08:43:45 - Request received
2025-04-29 08:43:45 - POST data: Array
(
    [action] => get_profile_data
)

2025-04-29 08:44:58 - Request received
2025-04-29 08:44:58 - POST data: Array
(
    [action] => get_profile_data
)

2025-04-29 08:47:33 - Request received
2025-04-29 08:47:33 - POST data: Array
(
    [action] => get_profile_data
)

2025-04-29 08:50:09 - Request received
2025-04-29 08:50:09 - POST data: Array
(
    [action] => get_profile_data
)

2025-04-29 08:51:43 - Request received
2025-04-29 08:51:43 - POST data: Array
(
    [action] => get_profile_data
)

2025-04-29 08:52:02 - Request received
2025-04-29 08:52:02 - POST data: Array
(
    [action] => get_profile_data
)

2025-04-29 09:21:45 - Request received
2025-04-29 09:21:45 - POST data: Array
(
    [action] => get_profile_data
)

2025-04-29 11:13:54 - Request received
2025-04-29 11:13:54 - POST data: Array
(
    [action] => get_profile_data
)

2025-04-29 11:27:24 - Request received
2025-04-29 11:27:24 - POST data: Array
(
    [action] => get_profile_data
)

2025-04-29 11:33:50 - Request received
2025-04-29 11:33:50 - POST data: Array
(
    [action] => get_profile_data
)

2025-04-29 11:35:25 - Request received
2025-04-29 11:35:25 - POST data: Array
(
    [action] => get_profile_data
)

2025-04-29 11:43:34 - Request received
2025-04-29 11:43:34 - POST data: Array
(
    [action] => get_profile_data
)

2025-04-29 17:24:20 - Request received
2025-04-29 17:24:20 - POST data: Array
(
    [action] => get_profile_data
)

2025-04-29 18:53:57 - Request received
2025-04-29 18:53:57 - POST data: Array
(
    [action] => get_profile_data
)

2025-04-29 19:13:44 - Request received
2025-04-29 19:13:44 - POST data: Array
(
    [action] => get_profile_data
)

2025-04-29 19:14:05 - Request received
2025-04-29 19:14:05 - POST data: Array
(
    [action] => get_profile_data
)

2025-04-29 19:24:54 - Request received
2025-04-29 19:24:54 - POST data: Array
(
    [action] => get_profile_data
)

2025-04-29 19:26:08 - Request received
2025-04-29 19:26:08 - POST data: Array
(
    [action] => get_profile_data
)

2025-04-29 19:27:29 - Request received
2025-04-29 19:27:29 - POST data: Array
(
    [action] => get_profile_data
)

2025-04-29 19:52:54 - Request received
2025-04-29 19:52:54 - POST data: Array
(
    [action] => get_profile_data
)

2025-04-29 19:57:15 - Request received
2025-04-29 19:57:15 - POST data: Array
(
    [action] => get_profile_data
)

2025-04-29 19:57:40 - Request received
2025-04-29 19:57:40 - POST data: Array
(
    [action] => get_profile_data
)

2025-04-29 19:59:04 - Request received
2025-04-29 19:59:04 - POST data: Array
(
    [action] => get_profile_data
)

2025-04-29 20:01:55 - Request received
2025-04-29 20:01:55 - POST data: Array
(
    [action] => get_profile_data
)

2025-04-29 20:02:11 - Request received
2025-04-29 20:02:11 - POST data: Array
(
    [action] => get_profile_data
)

2025-04-29 20:02:42 - Request received
2025-04-29 20:02:42 - POST data: Array
(
    [action] => get_profile_data
)

2025-04-29 20:06:11 - Request received
2025-04-29 20:06:11 - POST data: Array
(
    [action] => get_profile_data
)

2025-04-29 20:09:21 - Request received
2025-04-29 20:09:21 - POST data: Array
(
    [action] => get_profile_data
)

2025-04-29 20:09:31 - Request received
2025-04-29 20:09:31 - POST data: Array
(
    [action] => get_profile_data
)

2025-04-29 20:09:51 - Request received
2025-04-29 20:09:51 - POST data: Array
(
    [action] => get_profile_data
)

2025-04-29 20:39:01 - Request received
2025-04-29 20:39:01 - POST data: Array
(
    [action] => get_profile_data
)

2025-04-29 20:39:24 - Request received
2025-04-29 20:39:24 - POST data: Array
(
    [action] => get_profile_data
)

2025-04-29 20:50:32 - Request received
2025-04-29 20:50:32 - POST data: Array
(
    [action] => get_profile_data
)

2025-04-29 20:51:09 - Request received
2025-04-29 20:51:09 - POST data: Array
(
    [action] => get_profile_data
)

2025-04-29 20:52:59 - Request received
2025-04-29 20:52:59 - POST data: Array
(
    [action] => get_profile_data
)

2025-04-29 20:53:05 - Request received
2025-04-29 20:53:05 - POST data: Array
(
    [action] => get_profile_data
)

2025-04-29 20:53:05 - Request received
2025-04-29 20:53:05 - POST data: Array
(
    [action] => get_profile_data
)

2025-04-29 21:24:33 - Request received
2025-04-29 21:24:33 - POST data: Array
(
    [action] => get_profile_data
)

2025-04-29 21:30:26 - Request received
2025-04-29 21:30:26 - POST data: Array
(
    [action] => get_profile_data
)

2025-04-29 21:40:10 - Request received
2025-04-29 21:40:10 - POST data: Array
(
    [action] => get_profile_data
)

2025-04-30 09:49:33 - Request received
2025-04-30 09:49:33 - POST data: Array
(
    [action] => get_profile_data
)

2025-04-30 09:54:21 - Request received
2025-04-30 09:54:21 - POST data: Array
(
    [action] => get_profile_data
)

2025-04-30 09:54:54 - Request received
2025-04-30 09:54:54 - POST data: Array
(
    [action] => get_profile_data
)

