2025-02-06 12:59:13 - Request received
2025-02-06 12:59:13 - POST data: Array
(
    [action] => check_username
    [username] => Gerby1235
)

2025-02-06 12:59:14 - Request received
2025-02-06 12:59:14 - POST data: Array
(
    [action] => check_username
    [username] => Gerby12355
)

2025-02-06 12:59:18 - Request received
2025-02-06 12:59:18 - POST data: Array
(
    [action] => check_username
    [username] => Gerby1235
)

2025-02-06 12:59:18 - Request received
2025-02-06 12:59:18 - POST data: Array
(
    [action] => check_username
    [username] => Gerby123
)

2025-02-06 12:59:19 - Request received
2025-02-06 12:59:19 - POST data: Array
(
    [action] => check_username
    [username] => Gerby1234
)

2025-02-06 12:59:20 - Request received
2025-02-06 12:59:20 - POST data: Array
(
    [action] => update_username
    [username] => Gerby1234
)

2025-02-06 13:00:18 - Request received
2025-02-06 13:00:18 - POST data: Array
(
    [action] => update_photo
)

2025-02-06 13:02:57 - Request received
2025-02-06 13:02:57 - POST data: Array
(
    [action] => check_username
    [username] => n
)

2025-02-06 13:02:57 - Request received
2025-02-06 13:02:57 - POST data: Array
(
    [action] => check_username
    [username] => no
)

2025-02-06 13:02:58 - Request received
2025-02-06 13:02:58 - POST data: Array
(
    [action] => check_username
    [username] => nos
)

2025-02-06 13:02:58 - Request received
2025-02-06 13:02:58 - POST data: Array
(
    [action] => check_username
    [username] => nosj
)

2025-02-06 13:02:59 - Request received
2025-02-06 13:02:59 - POST data: Array
(
    [action] => check_username
    [username] => nosja
)

2025-02-06 13:02:59 - Request received
2025-02-06 13:02:59 - POST data: Array
(
    [action] => check_username
    [username] => nosjay
)

2025-02-06 13:03:02 - Request received
2025-02-06 13:03:02 - POST data: Array
(
    [action] => update_username
    [username] => nosjay
)

2025-02-06 13:03:02 - Request received
2025-02-06 13:03:02 - POST data: Array
(
    [action] => update_photo
)

2025-02-06 13:03:11 - Request received
2025-02-06 13:03:11 - POST data: Array
(
    [action] => check_username
    [username] => nosjay1
)

2025-02-06 13:03:11 - Request received
2025-02-06 13:03:11 - POST data: Array
(
    [action] => check_username
    [username] => nosjay12
)

2025-02-06 13:03:11 - Request received
2025-02-06 13:03:11 - POST data: Array
(
    [action] => check_username
    [username] => nosjay123
)

2025-02-06 13:03:12 - Request received
2025-02-06 13:03:12 - POST data: Array
(
    [action] => update_username
    [username] => nosjay123
)

2025-02-06 13:03:18 - Request received
2025-02-06 13:03:18 - POST data: Array
(
    [action] => check_username
    [username] => nosjay12
)

2025-02-06 13:03:19 - Request received
2025-02-06 13:03:19 - POST data: Array
(
    [action] => check_username
    [username] => nosjay1
)

2025-02-06 13:03:19 - Request received
2025-02-06 13:03:19 - POST data: Array
(
    [action] => check_username
    [username] => nosjay
)

2025-02-06 13:03:20 - Request received
2025-02-06 13:03:20 - POST data: Array
(
    [action] => update_username
    [username] => nosjay
)

2025-02-06 13:09:52 - Request received
2025-02-06 13:09:52 - POST data: Array
(
    [action] => check_username
    [username] => j
)

2025-02-06 13:09:53 - Request received
2025-02-06 13:09:53 - POST data: Array
(
    [action] => check_username
    [username] => ja
)

2025-02-06 13:09:53 - Request received
2025-02-06 13:09:53 - POST data: Array
(
    [action] => check_username
    [username] => jay
)

2025-02-06 13:09:53 - Request received
2025-02-06 13:09:53 - POST data: Array
(
    [action] => check_username
    [username] => jays
)

2025-02-06 13:09:53 - Request received
2025-02-06 13:09:53 - POST data: Array
(
    [action] => check_username
    [username] => jayso
)

2025-02-06 13:09:53 - Request received
2025-02-06 13:09:53 - POST data: Array
(
    [action] => check_username
    [username] => jayson
)

2025-02-06 13:09:54 - Request received
2025-02-06 13:09:54 - POST data: Array
(
    [action] => update_username
    [username] => jayson
)

2025-02-06 13:10:04 - Request received
2025-02-06 13:10:04 - POST data: Array
(
    [action] => check_username
    [username] => G
)

2025-02-06 13:10:05 - Request received
2025-02-06 13:10:05 - POST data: Array
(
    [action] => check_username
    [username] => Gr
)

2025-02-06 13:10:05 - Request received
2025-02-06 13:10:05 - POST data: Array
(
    [action] => check_username
    [username] => Grb
)

2025-02-06 13:10:06 - Request received
2025-02-06 13:10:06 - POST data: Array
(
    [action] => check_username
    [username] => Gr
)

2025-02-06 13:10:06 - Request received
2025-02-06 13:10:06 - POST data: Array
(
    [action] => check_username
    [username] => G
)

2025-02-06 13:10:07 - Request received
2025-02-06 13:10:07 - POST data: Array
(
    [action] => check_username
    [username] => Ge
)

2025-02-06 13:10:07 - Request received
2025-02-06 13:10:07 - POST data: Array
(
    [action] => check_username
    [username] => Ger
)

2025-02-06 13:10:10 - Request received
2025-02-06 13:10:10 - POST data: Array
(
    [action] => check_username
    [username] => Gerby1234
)

2025-02-06 13:10:10 - Request received
2025-02-06 13:10:10 - POST data: Array
(
    [action] => check_username
    [username] => Gerby123
)

2025-02-06 13:10:27 - Request received
2025-02-06 13:10:27 - POST data: Array
(
    [action] => update_username
    [username] => Gerby123
)

2025-02-06 13:10:27 - Request received
2025-02-06 13:10:27 - POST data: Array
(
    [action] => update_photo
)

2025-02-06 13:13:07 - Request received
2025-02-06 13:13:07 - POST data: Array
(
    [action] => check_username
    [username] => Gerby123w
)

2025-02-06 13:13:07 - Request received
2025-02-06 13:13:07 - POST data: Array
(
    [action] => check_username
    [username] => Gerby123wq
)

2025-02-06 13:13:08 - Request received
2025-02-06 13:13:08 - POST data: Array
(
    [action] => check_username
    [username] => Gerby123wqe
)

2025-02-06 13:18:59 - Request received
2025-02-06 13:18:59 - POST data: Array
(
    [action] => check_username
    [username] => Gerby1233
)

2025-02-06 13:19:00 - Request received
2025-02-06 13:19:00 - POST data: Array
(
    [action] => check_username
    [username] => Gerby12333
)

2025-02-06 13:19:15 - Request received
2025-02-06 13:19:15 - POST data: Array
(
    [action] => check_username
    [username] => Gerby123e
)

2025-02-06 13:19:15 - Request received
2025-02-06 13:19:15 - POST data: Array
(
    [action] => check_username
    [username] => Gerby123ew
)

2025-02-06 13:19:15 - Request received
2025-02-06 13:19:15 - POST data: Array
(
    [action] => check_username
    [username] => Gerby123ewq
)

2025-02-06 13:19:16 - Request received
2025-02-06 13:19:16 - POST data: Array
(
    [action] => check_username
    [username] => Gerby123ew
)

2025-02-06 13:19:16 - Request received
2025-02-06 13:19:16 - POST data: Array
(
    [action] => check_username
    [username] => Gerby123e
)

2025-02-06 13:19:16 - Request received
2025-02-06 13:19:16 - POST data: Array
(
    [action] => check_username
    [username] => Gerby123
)

2025-02-06 13:19:34 - Request received
2025-02-06 13:19:34 - POST data: Array
(
    [action] => check_username
    [username] => Gerby1234
)

2025-02-06 13:19:35 - Request received
2025-02-06 13:19:35 - POST data: Array
(
    [action] => update_username
    [username] => Gerby1234
)

2025-02-06 13:26:57 - Request received
2025-02-06 13:26:57 - POST data: Array
(
    [action] => check_username
    [username] => Gerby12345
)

2025-02-06 13:26:58 - Request received
2025-02-06 13:26:58 - POST data: Array
(
    [action] => check_username
    [username] => Gerby123451
)

2025-02-06 13:26:58 - Request received
2025-02-06 13:26:58 - POST data: Array
(
    [action] => check_username
    [username] => Gerby1234512
)

2025-02-06 13:27:01 - Request received
2025-02-06 13:27:01 - POST data: Array
(
    [action] => check_username
    [username] => Gerby12345124
)

2025-02-06 13:27:01 - Request received
2025-02-06 13:27:01 - POST data: Array
(
    [action] => check_username
    [username] => Gerby123451241
)

2025-02-06 13:27:01 - Request received
2025-02-06 13:27:01 - POST data: Array
(
    [action] => check_username
    [username] => Gerby1234512412
)

2025-02-06 13:27:01 - Request received
2025-02-06 13:27:01 - POST data: Array
(
    [action] => check_username
    [username] => Gerby12345124124
)

2025-02-06 13:27:01 - Request received
2025-02-06 13:27:01 - POST data: Array
(
    [action] => check_username
    [username] => Gerby123451241241
)

2025-02-06 13:27:01 - Request received
2025-02-06 13:27:01 - POST data: Array
(
    [action] => check_username
    [username] => Gerby1234512412412
)

2025-02-06 13:27:01 - Request received
2025-02-06 13:27:01 - POST data: Array
(
    [action] => check_username
    [username] => Gerby12345124124124
)

2025-02-06 13:27:01 - Request received
2025-02-06 13:27:01 - POST data: Array
(
    [action] => check_username
    [username] => Gerby123451241241241
)

2025-02-06 13:27:01 - Request received
2025-02-06 13:27:01 - POST data: Array
(
    [action] => check_username
    [username] => Gerby1234512412412412
)

2025-02-06 13:28:15 - Request received
2025-02-06 13:28:15 - POST data: Array
(
    [action] => check_username
    [username] => Gerby12341
)

2025-02-06 13:28:17 - Request received
2025-02-06 13:28:17 - POST data: Array
(
    [action] => check_username
    [username] => Gerby1234
)

2025-02-06 13:28:19 - Request received
2025-02-06 13:28:19 - POST data: Array
(
    [action] => check_username
    [username] => Gerby12345
)

2025-02-06 13:28:20 - Request received
2025-02-06 13:28:20 - POST data: Array
(
    [action] => update_username
    [username] => Gerby12345
)

2025-02-06 13:29:40 - Request received
2025-02-06 13:29:40 - POST data: Array
(
    [action] => check_username
    [username] => Gerby1234
)

2025-02-06 13:29:42 - Request received
2025-02-06 13:29:42 - POST data: Array
(
    [action] => update_username
    [username] => Gerby1234
)

2025-02-06 13:30:12 - Request received
2025-02-06 13:30:12 - POST data: Array
(
    [action] => update_photo
)

2025-02-06 13:33:16 - Request received
2025-02-06 13:33:16 - POST data: Array
(
    [action] => check_username
    [username] => Gerby1234e
)

2025-02-06 13:33:16 - Request received
2025-02-06 13:33:16 - POST data: Array
(
    [action] => check_username
    [username] => Gerby1234e1
)

2025-02-06 13:33:16 - Request received
2025-02-06 13:33:16 - POST data: Array
(
    [action] => check_username
    [username] => Gerby1234e12
)

2025-02-06 13:33:16 - Request received
2025-02-06 13:33:16 - POST data: Array
(
    [action] => check_username
    [username] => Gerby1234e12e
)

2025-02-06 13:33:16 - Request received
2025-02-06 13:33:16 - POST data: Array
(
    [action] => check_username
    [username] => Gerby1234e12e2
)

2025-02-06 13:33:16 - Request received
2025-02-06 13:33:16 - POST data: Array
(
    [action] => check_username
    [username] => Gerby1234e12e21
)

2025-02-06 13:33:35 - Request received
2025-02-06 13:33:35 - POST data: Array
(
    [action] => check_username
    [username] => Gerby12342
)

2025-02-06 13:36:47 - Request received
2025-02-06 13:36:47 - POST data: Array
(
    [action] => update_photo
)

